There are 30 section headers, starting at offset 0x91d8:

Section Headers:
  [Nr] Name              Type             Address           Offset
       Size              EntSize          Flags  Link  Info  Align
  [ 0]                   NULL             0000000000000000  00000000
       0000000000000000  0000000000000000           0     0     0
  [ 1] .interp           PROGBITS         0000000000000318  00000318
       000000000000001c  0000000000000000   A       0     0     1
  [ 2] .note.gnu.propert NOTE             0000000000000338  00000338
       0000000000000020  0000000000000000   A       0     0     8
  [ 3] .note.gnu.build-i NOTE             0000000000000358  00000358
       0000000000000024  0000000000000000   A       0     0     4
  [ 4] .note.ABI-tag     NOTE             000000000000037c  0000037c
       0000000000000020  0000000000000000   A       0     0     4
  [ 5] .gnu.hash         GNU_HASH         00000000000003a0  000003a0
       00000000000000a8  0000000000000000   A       6     0     8
  [ 6] .dynsym           DYNSYM           0000000000000448  00000448
       0000000000000600  0000000000000018   A       7     1     8
  [ 7] .dynstr           STRTAB           0000000000000a48  00000a48
       000000000000031f  0000000000000000   A       0     0     1
  [ 8] .gnu.version      VERSYM           0000000000000d68  00000d68
       0000000000000080  0000000000000002   A       6     0     2
  [ 9] .gnu.version_r    VERNEED          0000000000000de8  00000de8
       0000000000000060  0000000000000000   A       7     1     8
  [10] .rela.dyn         RELA             0000000000000e48  00000e48
       00000000000002b8  0000000000000018   A       6     0     8
  [11] .rela.plt         RELA             0000000000001100  00001100
       00000000000003f0  0000000000000018  AI       6    25     8
  [12] .init             PROGBITS         0000000000002000  00002000
       000000000000001b  0000000000000000  AX       0     0     4
  [13] .plt              PROGBITS         0000000000002020  00002020
       00000000000002b0  0000000000000010  AX       0     0     16
  [14] .plt.got          PROGBITS         00000000000022d0  000022d0
       0000000000000010  0000000000000010  AX       0     0     16
  [15] .plt.sec          PROGBITS         00000000000022e0  000022e0
       00000000000002a0  0000000000000010  AX       0     0     16
  [16] .text             PROGBITS         0000000000002580  00002580
       0000000000003692  0000000000000000  AX       0     0     16
  [17] .fini             PROGBITS         0000000000005c14  00005c14
       000000000000000d  0000000000000000  AX       0     0     4
  [18] .rodata           PROGBITS         0000000000006000  00006000
       0000000000000f6c  0000000000000000   A       0     0     32
  [19] .eh_frame_hdr     PROGBITS         0000000000006f6c  00006f6c
       00000000000002b4  0000000000000000   A       0     0     4
  [20] .eh_frame         PROGBITS         0000000000007220  00007220
       0000000000000d18  0000000000000000   A       0     0     8
  [21] .init_array       INIT_ARRAY       0000000000009bb0  00008bb0
       0000000000000008  0000000000000008  WA       0     0     8
  [22] .fini_array       FINI_ARRAY       0000000000009bb8  00008bb8
       0000000000000008  0000000000000008  WA       0     0     8
  [23] .data.rel.ro      PROGBITS         0000000000009bc0  00008bc0
       00000000000000b8  0000000000000000  WA       0     0     32
  [24] .dynamic          DYNAMIC          0000000000009c78  00008c78
       00000000000001f0  0000000000000010  WA       7     0     8
  [25] .got              PROGBITS         0000000000009e68  00008e68
       0000000000000190  0000000000000008  WA       0     0     8
  [26] .data             PROGBITS         000000000000a000  00009000
       0000000000000080  0000000000000000  WA       0     0     32
  [27] .bss              NOBITS           000000000000a080  00009080
       00000000000001b8  0000000000000000  WA       0     0     32
  [28] .gnu_debuglink    PROGBITS         0000000000000000  00009080
       0000000000000034  0000000000000000           0     0     4
  [29] .shstrtab         STRTAB           0000000000000000  000090b4
       000000000000011d  0000000000000000           0     0     1
Key to Flags:
  W (write), A (alloc), X (execute), M (merge), S (strings), I (info),
  L (link order), O (extra OS processing required), G (group), T (TLS),
  C (compressed), x (unknown), o (OS specific), E (exclude),
  l (large), p (processor specific)
