execve("./hello", ["./hello"], 0x7ffdc18daf18 /* 58 vars */) = 0 <0.000639>
brk(NULL)                               = 0x55b56cbd2000 <0.000105>
arch_prctl(0x3001 /* ARCH_??? */, 0x7fff7fec0020) = -1 EINVAL (Invalid argument) <0.000072>
access("/etc/ld.so.preload", R_OK)      = -1 ENOENT (No such file or directory) <0.000037>
openat(AT_FDCWD, "/etc/ld.so.cache", O_RDONLY|O_CLOEXEC) = 3 <0.000042>
fstat(3, {st_mode=S_IFREG|0644, st_size=71802, ...}) = 0 <0.000031>
mmap(NULL, 71802, PROT_READ, MAP_PRIVATE, 3, 0) = 0x7fb69e737000 <0.000036>
close(3)                                = 0 <0.000033>
openat(AT_FDCWD, "/lib/x86_64-linux-gnu/libc.so.6", O_RDONLY|O_CLOEXEC) = 3 <0.000043>
read(3, "\177ELF\2\1\1\3\0\0\0\0\0\0\0\0\3\0>\0\1\0\0\0\360q\2\0\0\0\0\0"..., 832) = 832 <0.000032>
pread64(3, "\6\0\0\0\4\0\0\0@\0\0\0\0\0\0\0@\0\0\0\0\0\0\0@\0\0\0\0\0\0\0"..., 784, 64) = 784 <0.000034>
pread64(3, "\4\0\0\0\20\0\0\0\5\0\0\0GNU\0\2\0\0\300\4\0\0\0\3\0\0\0\0\0\0\0", 32, 848) = 32 <0.000033>
pread64(3, "\4\0\0\0\24\0\0\0\3\0\0\0GNU\0\t\233\222%\274\260\320\31\331\326\10\204\276X>\263"..., 68, 880) = 68 <0.000030>
fstat(3, {st_mode=S_IFREG|0755, st_size=2029224, ...}) = 0 <0.000031>
mmap(NULL, 8192, PROT_READ|PROT_WRITE, MAP_PRIVATE|MAP_ANONYMOUS, -1, 0) = 0x7fb69e735000 <0.000034>
pread64(3, "\6\0\0\0\4\0\0\0@\0\0\0\0\0\0\0@\0\0\0\0\0\0\0@\0\0\0\0\0\0\0"..., 784, 64) = 784 <0.000041>
pread64(3, "\4\0\0\0\20\0\0\0\5\0\0\0GNU\0\2\0\0\300\4\0\0\0\3\0\0\0\0\0\0\0", 32, 848) = 32 <0.000030>
pread64(3, "\4\0\0\0\24\0\0\0\3\0\0\0GNU\0\t\233\222%\274\260\320\31\331\326\10\204\276X>\263"..., 68, 880) = 68 <0.000031>
mmap(NULL, 2036952, PROT_READ, MAP_PRIVATE|MAP_DENYWRITE, 3, 0) = 0x7fb69e543000 <0.000042>
mprotect(0x7fb69e568000, 1847296, PROT_NONE) = 0 <0.000045>
mmap(0x7fb69e568000, 1540096, PROT_READ|PROT_EXEC, MAP_PRIVATE|MAP_FIXED|MAP_DENYWRITE, 3, 0x25000) = 0x7fb69e568000 <0.000044>
mmap(0x7fb69e6e0000, 303104, PROT_READ, MAP_PRIVATE|MAP_FIXED|MAP_DENYWRITE, 3, 0x19d000) = 0x7fb69e6e0000 <0.000041>
mmap(0x7fb69e72b000, 24576, PROT_READ|PROT_WRITE, MAP_PRIVATE|MAP_FIXED|MAP_DENYWRITE, 3, 0x1e7000) = 0x7fb69e72b000 <0.000037>
mmap(0x7fb69e731000, 13528, PROT_READ|PROT_WRITE, MAP_PRIVATE|MAP_FIXED|MAP_ANONYMOUS, -1, 0) = 0x7fb69e731000 <0.000044>
close(3)                                = 0 <0.000030>
arch_prctl(ARCH_SET_FS, 0x7fb69e736540) = 0 <0.000032>
mprotect(0x7fb69e72b000, 12288, PROT_READ) = 0 <0.000044>
mprotect(0x55b56c463000, 4096, PROT_READ) = 0 <0.000036>
mprotect(0x7fb69e776000, 4096, PROT_READ) = 0 <0.000034>
munmap(0x7fb69e737000, 71802)           = 0 <0.000047>
fstat(1, {st_mode=S_IFCHR|0620, st_rdev=makedev(0x88, 0), ...}) = 0 <0.000037>
brk(NULL)                               = 0x55b56cbd2000 <0.000034>
brk(0x55b56cbf3000)                     = 0x55b56cbf3000 <0.000030>
write(1, "hello world\n", 12)           = 12 <0.000049>
exit_group(0)                           = ?
+++ exited with 0 +++
